In file included from ../lib/kerberos.cc:1:
../lib/kerberos.h:32:48: error: unknown type name 'Arguments'; did you mean 'v8::internal::Arguments'?
  static Handle<Value> AuthGSSClientInit(const Arguments &args);
                                               ^~~~~~~~~
                                               v8::internal::Arguments
/Users/caike/.node-gyp/0.11.9/deps/v8/include/v8.h:141:7: note: 'v8::internal::Arguments' declared here
class Arguments;
      ^
In file included from ../lib/kerberos.cc:1:
../lib/kerberos.h:33:48: error: unknown type name 'Arguments'; did you mean 'v8::internal::Arguments'?
  static Handle<Value> AuthGSSClientStep(const Arguments &args);
                                               ^~~~~~~~~
                                               v8::internal::Arguments
/Users/caike/.node-gyp/0.11.9/deps/v8/include/v8.h:141:7: note: 'v8::internal::Arguments' declared here
class Arguments;
      ^
In file included from ../lib/kerberos.cc:1:
../lib/kerberos.h:34:50: error: unknown type name 'Arguments'; did you mean 'v8::internal::Arguments'?
  static Handle<Value> AuthGSSClientUnwrap(const Arguments &args);
                                                 ^~~~~~~~~
                                                 v8::internal::Arguments
/Users/caike/.node-gyp/0.11.9/deps/v8/include/v8.h:141:7: note: 'v8::internal::Arguments' declared here
class Arguments;
      ^
In file included from ../lib/kerberos.cc:1:
../lib/kerberos.h:35:48: error: unknown type name 'Arguments'; did you mean 'v8::internal::Arguments'?
  static Handle<Value> AuthGSSClientWrap(const Arguments &args);
                                               ^~~~~~~~~
                                               v8::internal::Arguments
/Users/caike/.node-gyp/0.11.9/deps/v8/include/v8.h:141:7: note: 'v8::internal::Arguments' declared here
class Arguments;
      ^
In file included from ../lib/kerberos.cc:1:
../lib/kerberos.h:36:49: error: unknown type name 'Arguments'; did you mean 'v8::internal::Arguments'?
  static Handle<Value> AuthGSSClientClean(const Arguments &args);
                                                ^~~~~~~~~
                                                v8::internal::Arguments
/Users/caike/.node-gyp/0.11.9/deps/v8/include/v8.h:141:7: note: 'v8::internal::Arguments' declared here
class Arguments;
      ^
In file included from ../lib/kerberos.cc:1:
../lib/kerberos.h:39:34: error: unknown type name 'Arguments'; did you mean 'v8::internal::Arguments'?
  static Handle<Value> New(const Arguments &args);  
                                 ^~~~~~~~~
                                 v8::internal::Arguments
/Users/caike/.node-gyp/0.11.9/deps/v8/include/v8.h:141:7: note: 'v8::internal::Arguments' declared here
class Arguments;
      ^
In file included from ../lib/kerberos.cc:1:
../lib/kerberos.h:42:23: error: unknown type name 'uv_work_t'
  static void Process(uv_work_t* work_req);
                      ^
../lib/kerberos.h:44:21: error: unknown type name 'uv_work_t'
  static void After(uv_work_t* work_req);
                    ^
In file included from ../lib/kerberos.cc:3:
../lib/worker.h:17:5: error: unknown type name 'uv_work_t'
    uv_work_t request;
    ^
In file included from ../lib/kerberos.cc:4:
../lib/kerberos_context.h:44:34: error: unknown type name 'Arguments'; did you mean 'v8::internal::Arguments'?
  static Handle<Value> New(const Arguments &args);  
                                 ^~~~~~~~~
                                 v8::internal::Arguments
/Users/caike/.node-gyp/0.11.9/deps/v8/include/v8.h:141:7: note: 'v8::internal::Arguments' declared here
class Arguments;
      ^
In file included from ../lib/kerberos.cc:4:
../lib/kerberos_context.h:46:69: error: unknown type name 'AccessorInfo'
  static Handle<Value> ResponseGetter(Local<String> property, const AccessorInfo& info);  
                                                                    ^
../lib/kerberos_context.h:28:32: error: member reference type 'Persistent<v8::FunctionTemplate>' is not a pointer
    return constructor_template->HasInstance(obj);
           ~~~~~~~~~~~~~~~~~~~~^
../lib/kerberos.cc:40:15: error: calling a private constructor of class 'v8::HandleScope'
  HandleScope scope;
              ^
/Users/caike/.node-gyp/0.11.9/deps/v8/include/v8.h:768:13: note: declared private here
  V8_INLINE HandleScope() {}
            ^
../lib/kerberos.cc:49:15: error: calling a private constructor of class 'v8::HandleScope'
  HandleScope scope;
              ^
/Users/caike/.node-gyp/0.11.9/deps/v8/include/v8.h:768:13: note: declared private here
  V8_INLINE HandleScope() {}
            ^
../lib/kerberos.cc:52:56: error: 'New' is a private member of 'v8::Persistent<v8::FunctionTemplate, v8::NonCopyablePersistentTraits<v8::FunctionTemplate> >'
  constructor_template = Persistent<FunctionTemplate>::New(t);
                                                       ^
/Users/caike/.node-gyp/0.11.9/deps/v8/include/v8.h:722:23: note: declared private here
  V8_INLINE static T* New(Isolate* isolate, T* that);
                      ^
../lib/kerberos.cc:52:61: error: too few arguments to function call, expected 2, have 1
  constructor_template = Persistent<FunctionTemplate>::New(t);
                         ~~~~~~~~~~~~~~~~~~~~~~~~~~~~~~~~~  ^
/Users/caike/.node-gyp/0.11.9/deps/v8/include/v8.h:722:3: note: 'New' declared here
  V8_INLINE static T* New(Isolate* isolate, T* that);
  ^
/Users/caike/.node-gyp/0.11.9/deps/v8/include/v8config.h:302:20: note: expanded from macro 'V8_INLINE'
# define V8_INLINE inline __attribute__((always_inline))
                   ^
../lib/kerberos.cc:53:23: error: member reference type 'Persistent<v8::FunctionTemplate>' is not a pointer
  constructor_template->InstanceTemplate()->SetInternalFieldCount(1);
  ~~~~~~~~~~~~~~~~~~~~^
../lib/kerberos.cc:54:23: error: member reference type 'Persistent<v8::FunctionTemplate>' is not a pointer
  constructor_template->SetClassName(String::NewSymbol("Kerberos"));
  ~~~~~~~~~~~~~~~~~~~~^
../lib/kerberos.cc:64:71: error: member reference type 'Persistent<v8::FunctionTemplate>' is not a pointer
  target->ForceSet(String::NewSymbol("Kerberos"), constructor_template->GetFunction());
                                                  ~~~~~~~~~~~~~~~~~~~~^
fatal error: too many errors emitted, stopping now [-ferror-limit=]
20 errors generated.
make: *** [Release/obj.target/kerberos/lib/kerberos.o] Error 1
gyp ERR! build error 
gyp ERR! stack Error: `make` failed with exit code: 2
gyp ERR! stack     at ChildProcess.onExit (/Users/caike/nvm/v0.11.9/lib/node_modules/npm/node_modules/node-gyp/lib/build.js:267:23)
gyp ERR! stack     at ChildProcess.EventEmitter.emit (events.js:101:17)
gyp ERR! stack     at Process.ChildProcess._handle.onexit (child_process.js:827:12)
gyp ERR! System Darwin 13.1.0
gyp ERR! command "node" "/Users/caike/nvm/v0.11.9/lib/node_modules/npm/node_modules/node-gyp/bin/node-gyp.js" "rebuild"
gyp ERR! cwd /Users/caike/Dropbox/Talks/NodeJsDatabases/Examples/express_app/node_modules/mongoose/node_modules/mongodb/node_modules/kerberos
gyp ERR! node -v v0.11.9
gyp ERR! node-gyp -v v0.12.1
gyp ERR! not ok 
